<?xml version="1.0" encoding="UTF-8"?>
<!-- Generated by org.testng.reporters.JUnitReportReporter -->
<testsuite skipped="0" hostname="CORPLPTP000053" name="com.crm.qa.testcases.HomePageTest" tests="3" failures="0" timestamp="2020-03-20T15:29:03 IST" time="93.939" errors="0">
  <testcase name="verifyHomePageTitleTest" time="29.656" classname="com.crm.qa.testcases.HomePageTest"/>
  <system-out/>
  <testcase name="verifyUserNameTest" time="31.519" classname="com.crm.qa.testcases.HomePageTest"/>
  <system-out/>
  <testcase name="verifiedContactLinks" time="32.764" classname="com.crm.qa.testcases.HomePageTest"/>
  <system-out/>
</testsuite> <!-- com.crm.qa.testcases.HomePageTest -->
