<?xml version="1.0" encoding="UTF-8"?>
<!-- Generated by org.testng.reporters.JUnitReportReporter -->
<testsuite skipped="0" hostname="CORPLPTP000053" name="com.crm.qa.testcases.LoginPageTest" tests="3" failures="0" timestamp="2020-03-14T19:08:32 IST" time="68.470" errors="0">
  <testcase name="loginPageTitleTest" time="17.393" classname="com.crm.qa.testcases.LoginPageTest"/>
  <system-out/>
  <testcase name="crmLogoImageTest" time="29.457" classname="com.crm.qa.testcases.LoginPageTest"/>
  <system-out/>
  <testcase name="loginTest" time="21.620" classname="com.crm.qa.testcases.LoginPageTest"/>
  <system-out/>
</testsuite> <!-- com.crm.qa.testcases.LoginPageTest -->
