<?xml version="1.0" encoding="UTF-8"?>
<!-- Generated by org.testng.reporters.JUnitReportReporter -->
<testsuite skipped="0" hostname="CORPLPTP000053" name="com.crm.qa.testcases.TaskPageTest" tests="2" failures="0" timestamp="2020-03-21T15:27:18 IST" time="57.197" errors="0">
  <testcase name="createNewTask" time="27.718" classname="com.crm.qa.testcases.TaskPageTest"/>
  <system-out/>
  <testcase name="createNewTask" time="29.479" classname="com.crm.qa.testcases.TaskPageTest"/>
  <system-out/>
</testsuite> <!-- com.crm.qa.testcases.TaskPageTest -->
